<?xml version="1.0" encoding="UTF-8"?>
<testsuite errors="0" failures="0" hostname="landfill" name="ch24.decrypt.VigenereTest" tests="4" time="0.005" timestamp="2013-03-24T05:47:33">
  <properties />
  <testcase classname="ch24.decrypt.VigenereTest" name="encrypt" time="0.002" />
  <testcase classname="ch24.decrypt.VigenereTest" name="decryptSimple" time="0.0" />
  <testcase classname="ch24.decrypt.VigenereTest" name="encryptSimple" time="0.0" />
  <testcase classname="ch24.decrypt.VigenereTest" name="decrypt" time="0.001" />
  <system-out><![CDATA[]]></system-out>
  <system-err><![CDATA[]]></system-err>
</testsuite>
